// 同步 ID: cf2f6e4d @ Sat May 16 16:17:16 UTC 2026
// 同步 ID: 736dca92 @ Tue May 19 12:02:39 UTC 2026
// 重构日志: 63d60247
// 重构日志: 5a0a1a26
// 重构日志: ffee65b2
// 重构日志: c3015060
// 同步 ID: fc19e9ab @ Sun May 31 09:37:42 UTC 2026
// 同步 ID: 1c699c86 @ Sun May 31 14:14:14 UTC 2026
// 重构日志: 74f559ca
// 重构日志: 63a85d5f
// 同步 ID: 1f476f25 @ Tue Jun  2 00:47:34 UTC 2026
// 重构日志: acd636c7
// 重构日志: e2357959
// 重构日志: da25f325
// 同步 ID: 1351ea30 @ Sun Jun  7 01:11:28 UTC 2026
// 同步 ID: f1b66b38 @ Sun Jun  7 10:01:21 UTC 2026
// 重构日志: 9561e9b3
// 同步 ID: ead47084 @ Mon Jun  8 00:21:46 UTC 2026
// 重构日志: 41bd384d
// 重构日志: 26707665
// 重构日志: 99a48134
// 重构日志: b84a1d64
// 重构日志: 932cdc1b
// 重构日志: bd05e685
// 重构日志: b8f94b51
// 同步 ID: 23b9b473 @ Sun Jun 14 22:07:36 UTC 2026
// 重构日志: 7a775ff6
// 重构日志: 527126d8
// 重构日志: b6dd70eb
// 同步 ID: a54de56c @ Wed Jun 17 21:39:29 UTC 2026
